#
# A fatal error has been detected by the Java Runtime Environment:
#
#  EXCEPTION_ACCESS_VIOLATION (0xc0000005) at pc=0x00007fff8c6462d7, pid=23668, tid=14496
#
# JRE version: OpenJDK Runtime Environment (17.0.2+8) (build 17.0.2+8-86)
# Java VM: OpenJDK 64-Bit Server VM (17.0.2+8-86, mixed mode, sharing, tiered, compressed oops, compressed class ptrs, g1 gc, windows-amd64)
# Problematic frame:
# C  [glass.dll+0x262d7]
#
# No core dump will be written. Minidumps are not enabled by default on client versions of Windows
#
# If you would like to submit a bug report, please visit:
#   https://bugreport.java.com/bugreport/crash.jsp
#

---------------  S U M M A R Y ------------

Command Line: -javaagent:C:\Program Files\JetBrains\IntelliJ IDEA Community Edition 2021.3.2\lib\idea_rt.jar=52637:C:\Program Files\JetBrains\IntelliJ IDEA Community Edition 2021.3.2\bin -Dfile.encoding=UTF-8 --module-path=C:\Users\Владимир\.m2\repository\org\openjfx\javafx-base\18\javafx-base-18-win.jar;C:\Users\Владимир\.m2\repository\org\controlsfx\controlsfx\11.1.0\controlsfx-11.1.0.jar;C:\Users\Владимир\.m2\repository\org\openjfx\javafx-controls\18\javafx-controls-18-win.jar;C:\Users\Владимир\IdeaProjects\SQL\target\classes;C:\Users\Владимир\.m2\repository\org\kordamp\ikonli\ikonli-javafx\12.2.0\ikonli-javafx-12.2.0.jar;C:\Users\Владимир\.m2\repository\org\openjfx\javafx-web\17.0.1\javafx-web-17.0.1-win.jar;C:\Users\Владимир\.m2\repository\com\dlsc\formsfx\formsfx-core\11.3.2\formsfx-core-11.3.2.jar;C:\Users\Владимир\.m2\repository\org\openjfx\javafx-fxml\17.0.1\javafx-fxml-17.0.1-win.jar;C:\Users\Владимир\.m2\repository\org\openjfx\javafx-media\17.0.1\javafx-media-17.0.1-win.jar;C:\Users\Владимир\.m2\repository\org\kordamp\ikonli\ikonli-core\12.2.0\ikonli-core-12.2.0.jar;C:\Users\Владимир\.m2\repository\net\synedra\validatorfx\0.1.13\validatorfx-0.1.13.jar;C:\Users\Владимир\.m2\repository\org\kordamp\bootstrapfx\bootstrapfx-core\0.4.0\bootstrapfx-core-0.4.0.jar;C:\Users\Владимир\.m2\repository\eu\hansolo\tilesfx\11.48\tilesfx-11.48.jar;C:\Users\Владимир\.m2\repository\org\openjfx\javafx-graphics\18\javafx-graphics-18-win.jar -Djdk.module.main=com.example.sql com.example.sql/com.example.sql.HelloApplication

Host: Intel(R) Core(TM) i5-8265U CPU @ 1.60GHz, 8 cores, 7G,  Windows 10 , 64 bit Build 19041 (10.0.19041.2251)
Time: Sat Nov 26 23:45:20 2022 RTZ 3 (s 10 , 64 bit Build 19041 (10.0.19041.2251) elapsed time: 404.615442 seconds (0d 0h 6m 44s)

---------------  T H R E A D  ---------------

Current thread (0x000001d2a45bfd40):  VMThread "VM Thread" [stack: 0x000000a780800000,0x000000a780900000] [id=14496]

Stack: [0x000000a780800000,0x000000a780900000],  sp=0x000000a7808ff2d0,  free space=1020k
Native frames: (J=compiled Java code, j=interpreted, Vv=VM code, C=native code)
C  [glass.dll+0x262d7]


siginfo: EXCEPTION_ACCESS_VIOLATION (0xc0000005), reading address 0x0000000000000000


Register to memory mapping:

RIP=0x00007fff8c6462d7 glass.dll
RAX=0x0 is NULL
RBX=0x000001d2a45d0c98 is a global jni handle
RCX=0x000001d2a45bfd40 points into unknown readable memory: 0x00007fff6a4ae880 | 80 e8 4a 6a ff 7f 00 00
RDX=0x000000a7808ff2d0 points into unknown readable memory: 0x0000000000000000 | 00 00 00 00 00 00 00 00
RSP=0x000000a7808ff2d0 points into unknown readable memory: 0x0000000000000000 | 00 00 00 00 00 00 00 00
RBP=0x000001d2a5a3df68 points into unknown readable memory: 0x000014723057de93 | 93 de 57 30 72 14 00 00
RSI=0x000001d2a5a3df40 points into unknown readable memory: 0xfffc775386b7de90 | 90 de b7 86 53 77 fc ff
RDI=0x000014723057de93 is an unknown value
R8 =0x0000000000010002 is an unknown value
R9 =0x000014723057de93 is an unknown value
R10=0x0000000000008000 is an unknown value
R11=0x000000a7808ff260 points into unknown readable memory: 0x000001d2a5a3df40 | 40 df a3 a5 d2 01 00 00
R12=0x00007fff8c643bc4 glass.dll
R13=0x00007fff6a6549d0 jvm.dll
R14=0x000000a7808ff3c8 points into unknown readable memory: 0x000000a7808ff3b0 | b0 f3 8f 80 a7 00 00 00
R15=0x000001d2a5a3df40 points into unknown readable memory: 0xfffc775386b7de90 | 90 de b7 86 53 77 fc ff


Registers:
RAX=0x0000000000000000, RBX=0x000001d2a45d0c98, RCX=0x000001d2a45bfd40, RDX=0x000000a7808ff2d0
RSP=0x000000a7808ff2d0, RBP=0x000001d2a5a3df68, RSI=0x000001d2a5a3df40, RDI=0x000014723057de93
R8 =0x0000000000010002, R9 =0x000014723057de93, R10=0x0000000000008000, R11=0x000000a7808ff260
R12=0x00007fff8c643bc4, R13=0x00007fff6a6549d0, R14=0x000000a7808ff3c8, R15=0x000001d2a5a3df40
RIP=0x00007fff8c6462d7, EFLAGS=0x0000000000010202

Top of Stack: (sp=0x000000a7808ff2d0)
0x000000a7808ff2d0:   0000000000000000 000001d2a5a3df40
0x000000a7808ff2e0:   00007fff6a6549d0 00007fff8c643bc4
0x000000a7808ff2f0:   000001d2a5a3df48 00007fffac6342d6
0x000000a7808ff300:   000014723057de93 000001d200000000
0x000000a7808ff310:   000001d2a5a3df68 000001d2a5a3df40
0x000000a7808ff320:   fffffffffffffffe 0000000000000000
0x000000a7808ff330:   0000000000000001 00007fff8c620000
0x000000a7808ff340:   000000a7808ff3b8 00007fffac6341fb
0x000000a7808ff350:   0000000000000000 000000a7808ff3c8
0x000000a7808ff360:   000000a7808ff690 00007fffac710e40
0x000000a7808ff370:   0000000000000001 00007fffac6341b4
0x000000a7808ff380:   0000000000000000 0000000000000001
0x000000a7808ff390:   00007fff00000001 000000a7808ff3b8
0x000000a7808ff3a0:   0000000000000000 00007fff8c643a51
0x000000a7808ff3b0:   00007fff8c659f88 00007fff00000002
0x000000a7808ff3c0:   0000000000000002 000000a7808ff3b0 

Instructions: (pc=0x00007fff8c6462d7)
0x00007fff8c6461d7:   8b 4d 58 e8 2d cf ff ff 48 8b 4d 60 e8 24 cf ff
0x00007fff8c6461e7:   ff 48 8b 95 80 00 00 00 48 8b 8d 18 01 00 00 e8
0x00007fff8c6461f7:   16 c4 ff ff 33 d2 33 c9 e8 5c e1 ff ff 90 48 89
0x00007fff8c646207:   54 24 10 55 48 83 ec 20 48 8b ea 48 b8 00 00 00
0x00007fff8c646217:   00 00 00 00 00 48 83 c4 20 5d c3 cc 40 55 48 8b
0x00007fff8c646227:   ea 48 8b 01 33 c9 81 38 05 00 00 c0 0f 94 c1 8b
0x00007fff8c646237:   c1 5d c3 cc 40 55 48 83 ec 20 48 8b ea 8a 4d 40
0x00007fff8c646247:   48 83 c4 20 5d e9 17 d3 ff ff cc 40 55 48 83 ec
0x00007fff8c646257:   20 48 8b ea 8a 4d 20 e8 05 d3 ff ff 90 48 83 c4
0x00007fff8c646267:   20 5d c3 cc 40 55 48 83 ec 20 48 8b ea 48 83 c4
0x00007fff8c646277:   20 5d e9 66 d1 ff ff cc 40 55 48 83 ec 30 48 8b
0x00007fff8c646287:   ea 48 8b 01 8b 10 48 89 4c 24 28 89 54 24 20 4c
0x00007fff8c646297:   8d 0d 07 d6 ff ff 4c 8b 45 70 8b 55 68 48 8b 4d
0x00007fff8c6462a7:   60 e8 a7 d0 ff ff 90 48 83 c4 30 5d c3 cc cc cc
0x00007fff8c6462b7:   cc cc cc cc cc cc cc cc cc 40 53 48 83 ec 20 48
0x00007fff8c6462c7:   8b 1d bb 36 01 00 48 85 db 74 16 e8 59 8b ff ff
0x00007fff8c6462d7:   4c 8b 00 48 8b d3 48 8b c8 41 ff 90 b0 00 00 00
0x00007fff8c6462e7:   90 48 83 c4 20 5b c3 cc cc 40 53 48 83 ec 20 48
0x00007fff8c6462f7:   8b 1d 2b 38 01 00 48 85 db 74 57 b8 ff ff ff ff
0x00007fff8c646307:   f0 0f c1 43 10 83 f8 01 75 3d 48 85 db 74 38 48
0x00007fff8c646317:   8b 0b 48 85 c9 74 0d ff 15 84 0f 00 00 48 c7 03
0x00007fff8c646327:   00 00 00 00 48 8b 4b 08 48 85 c9 74 0d e8 d3 cd
0x00007fff8c646337:   ff ff 48 c7 43 08 00 00 00 00 ba 18 00 00 00 48
0x00007fff8c646347:   8b cb e8 be cd ff ff 48 c7 05 cf 37 01 00 00 00
0x00007fff8c646357:   00 00 48 83 c4 20 5b c3 cc 40 53 48 83 ec 20 48
0x00007fff8c646367:   8b 1d 9b 37 01 00 48 85 db 74 57 b8 ff ff ff ff
0x00007fff8c646377:   f0 0f c1 43 10 83 f8 01 75 3d 48 85 db 74 38 48
0x00007fff8c646387:   8b 0b 48 85 c9 74 0d ff 15 14 0f 00 00 48 c7 03
0x00007fff8c646397:   00 00 00 00 48 8b 4b 08 48 85 c9 74 0d e8 63 cd
0x00007fff8c6463a7:   ff ff 48 c7 43 08 00 00 00 00 ba 18 00 00 00 48
0x00007fff8c6463b7:   8b cb e8 4e cd ff ff 48 c7 05 3f 37 01 00 00 00
0x00007fff8c6463c7:   00 00 48 83 c4 20 5b c3 cc 40 53 48 83 ec 20 48 


Stack slot to memory mapping:
stack at sp + 0 slots: 0x0 is NULL
stack at sp + 1 slots: 0x000001d2a5a3df40 points into unknown readable memory: 0xfffc775386b7de90 | 90 de b7 86 53 77 fc ff
stack at sp + 2 slots: 0x00007fff6a6549d0 jvm.dll
stack at sp + 3 slots: 0x00007fff8c643bc4 glass.dll
stack at sp + 4 slots: 0x000001d2a5a3df48 points into unknown readable memory: 0x000014723057de93 | 93 de 57 30 72 14 00 00
stack at sp + 5 slots: 0x00007fffac6342d6 ucrtbase.dll
stack at sp + 6 slots: 0x000014723057de93 is an unknown value
stack at sp + 7 slots: 0x000001d200000000 is an unknown value

VM_Operation (0x000000a7800fefa0): Exit, mode: safepoint, requested by thread 0x000001d2ab1b5a30


---------------  P R O C E S S  ---------------

Threads class SMR info:
_java_thread_list=0x000001d2ab732aa0, length=21, elements={
0x000001d284651f10, 0x000001d2a45c5d50, 0x000001d2a45c67d0, 0x000001d2a45dca60,
0x000001d2a45df430, 0x000001d2a45e2ef0, 0x000001d2a45efcc0, 0x000001d2a45f12d0,
0x000001d2a4656420, 0x000001d2a5059ff0, 0x000001d2a508ff60, 0x000001d2a580d150,
0x000001d2a5b67070, 0x000001d2a592d860, 0x000001d2a592f940, 0x000001d2a593c8d0,
0x000001d2aa9fc660, 0x000001d2aac6f150, 0x000001d2aae02b40, 0x000001d2aae03010,
0x000001d2ab1b5a30
}

Java Threads: ( => current thread )
  0x000001d284651f10 JavaThread "main" [_thread_blocked, id=16960, stack(0x000000a780200000,0x000000a780300000)]
  0x000001d2a45c5d50 JavaThread "Reference Handler" daemon [_thread_blocked, id=25620, stack(0x000000a780900000,0x000000a780a00000)]
  0x000001d2a45c67d0 JavaThread "Finalizer" daemon [_thread_blocked, id=15204, stack(0x000000a780a00000,0x000000a780b00000)]
  0x000001d2a45dca60 JavaThread "Attach Listener" daemon [_thread_blocked, id=3192, stack(0x000000a780c00000,0x000000a780d00000)]
  0x000001d2a45df430 JavaThread "Service Thread" daemon [_thread_blocked, id=25896, stack(0x000000a780d00000,0x000000a780e00000)]
  0x000001d2a45e2ef0 JavaThread "Monitor Deflation Thread" daemon [_thread_blocked, id=19780, stack(0x000000a780e00000,0x000000a780f00000)]
  0x000001d2a45efcc0 JavaThread "C2 CompilerThread0" daemon [_thread_blocked, id=18568, stack(0x000000a780f00000,0x000000a781000000)]
  0x000001d2a45f12d0 JavaThread "C1 CompilerThread0" daemon [_thread_blocked, id=26416, stack(0x000000a781000000,0x000000a781100000)]
  0x000001d2a4656420 JavaThread "Sweeper thread" daemon [_thread_blocked, id=25676, stack(0x000000a781100000,0x000000a781200000)]
  0x000001d2a5059ff0 JavaThread "Common-Cleaner" daemon [_thread_blocked, id=20520, stack(0x000000a781200000,0x000000a781300000)]
  0x000001d2a508ff60 JavaThread "Monitor Ctrl-Break" daemon [_thread_in_native, id=16544, stack(0x000000a781500000,0x000000a781600000)]
  0x000001d2a580d150 JavaThread "Notification Thread" daemon [_thread_blocked, id=25372, stack(0x000000a781600000,0x000000a781700000)]
  0x000001d2a5b67070 JavaThread "QuantumRenderer-0" daemon [_thread_blocked, id=26408, stack(0x000000a781800000,0x000000a781900000)]
  0x000001d2a592d860 JavaThread "InvokeLaterDispatcher" daemon [_thread_blocked, id=15380, stack(0x000000a781900000,0x000000a781a00000)]
  0x000001d2a592f940 JavaThread "JavaFX Application Thread" [_thread_in_native, id=13668, stack(0x000000a781a00000,0x000000a781b00000)]
  0x000001d2a593c8d0 JavaThread "Thread-1" daemon [_thread_in_native, id=20624, stack(0x000000a781e00000,0x000000a781f00000)]
  0x000001d2aa9fc660 JavaThread "JavaFX-Launcher" [_thread_blocked, id=9420, stack(0x000000a781f00000,0x000000a782000000)]
  0x000001d2aac6f150 JavaThread "Prism Font Disposer" daemon [_thread_blocked, id=9988, stack(0x000000a782800000,0x000000a782900000)]
  0x000001d2aae02b40 JavaThread "Cleaner-0" daemon [_thread_blocked, id=20568, stack(0x000000a782900000,0x000000a782a00000)]
  0x000001d2aae03010 JavaThread "mysql-cj-abandoned-connection-cleanup" daemon [_thread_blocked, id=22376, stack(0x000000a782a00000,0x000000a782b00000)]
  0x000001d2ab1b5a30 JavaThread "SIGINT handler" daemon [_thread_blocked, id=10724, stack(0x000000a780000000,0x000000a780100000)]

Other Threads:
=>0x000001d2a45bfd40 VMThread "VM Thread" [stack: 0x000000a780800000,0x000000a780900000] [id=14496]
  0x000001d284696650 GCTaskThread "GC Thread#0" [stack: 0x000000a780300000,0x000000a780400000] [id=20704]
  0x000001d2aaa2d120 GCTaskThread "GC Thread#1" [stack: 0x000000a782000000,0x000000a782100000] [id=9208]
  0x000001d2aab01f00 GCTaskThread "GC Thread#2" [stack: 0x000000a782100000,0x000000a782200000] [id=19508]
  0x000001d2aa9a3b60 GCTaskThread "GC Thread#3" [stack: 0x000000a782200000,0x000000a782300000] [id=25824]
  0x000001d2aa9e2de0 GCTaskThread "GC Thread#4" [stack: 0x000000a782300000,0x000000a782400000] [id=25764]
  0x000001d2aaa00590 GCTaskThread "GC Thread#5" [stack: 0x000000a782400000,0x000000a782500000] [id=23100]
  0x000001d2ab296e20 GCTaskThread "GC Thread#6" [stack: 0x000000a781300000,0x000000a781400000] [id=15500]
  0x000001d2a50b7990 GCTaskThread "GC Thread#7" [stack: 0x000000a781400000,0x000000a781500000] [id=26108]
  0x000001d2846a6fd0 ConcurrentGCThread "G1 Main Marker" terminated
  0x000001d2846a8180 ConcurrentGCThread "G1 Conc#0" [stack: 0x000000a780500000,0x000000a780600000] [id=4312]
  0x000001d284722f40 ConcurrentGCThread "G1 Refine#0" terminated
  0x000001d284725580 ConcurrentGCThread "G1 Service" terminated

Threads with active compile tasks:

VM state: at safepoint (shutting down)

VM Mutex/Monitor currently owned by a thread:  ([mutex/lock_event])
[0x000001d28464ec80] Threads_lock - owner thread: 0x000001d2a45bfd40
[0x000001d28464e4a0] Heap_lock - owner thread: 0x000001d2ab1b5a30

Heap address: 0x0000000082e00000, size: 2002 MB, Compressed Oops mode: 32-bit

CDS archive(s) mapped at: [0x0000000800000000-0x0000000800bc0000-0x0000000800bc0000), size 12320768, SharedBaseAddress: 0x0000000800000000, ArchiveRelocationMode: 0.
Compressed class space mapped at: 0x0000000800c00000-0x0000000840c00000, reserved size: 1073741824
Narrow klass base: 0x0000000800000000, Narrow klass shift: 0, Narrow klass range: 0x100000000

GC Precious Log:
 CPUs: 8 total, 8 available
 Memory: 8005M
 Large Page Support: Disabled
 NUMA Support: Disabled
 Compressed Oops: Enabled (32-bit)
 Heap Region Size: 1M
 Heap Min Capacity: 8M
 Heap Initial Capacity: 126M
 Heap Max Capacity: 2002M
 Pre-touch: Disabled
 Parallel Workers: 8
 Concurrent Workers: 2
 Concurrent Refinement Workers: 8
 Periodic GC: Disabled

Heap:
 garbage-first heap   total 129024K, used 48704K [0x0000000082e00000, 0x0000000100000000)
  region size 1024K, 44 young (45056K), 5 survivors (5120K)
 Metaspace       used 20134K, committed 20416K, reserved 1073152K
  class space    used 2667K, committed 2816K, reserved 1048576K

Heap Regions: E=young(eden), S=young(survivor), O=old, HS=humongous(starts), HC=humongous(continues), CS=collection set, F=free, OA=open archive, CA=closed archive, TAMS=top-at-mark-start (previous, next)
|   0|0x0000000082e00000, 0x0000000082f00000, 0x0000000082f00000|100%| O|  |TAMS 0x0000000082e00000, 0x0000000082e00000| Untracked 
|   1|0x0000000082f00000, 0x0000000083000000, 0x0000000083000000|100%|HS|  |TAMS 0x0000000082f00000, 0x0000000082f00000| Complete 
|   2|0x0000000083000000, 0x0000000083100000, 0x0000000083100000|100%|HC|  |TAMS 0x0000000083000000, 0x0000000083000000| Complete 
|   3|0x0000000083100000, 0x0000000083200000, 0x0000000083200000|100%| O|  |TAMS 0x0000000083100000, 0x0000000083100000| Untracked 
|   4|0x0000000083200000, 0x00000000832ed000, 0x0000000083300000| 92%| O|  |TAMS 0x0000000083200000, 0x0000000083200000| Untracked 
|   5|0x0000000083300000, 0x0000000083300000, 0x0000000083400000|  0%| F|  |TAMS 0x0000000083300000, 0x0000000083300000| Untracked 
|   6|0x0000000083400000, 0x0000000083400000, 0x0000000083500000|  0%| F|  |TAMS 0x0000000083400000, 0x0000000083400000| Untracked 
|   7|0x0000000083500000, 0x0000000083500000, 0x0000000083600000|  0%| F|  |TAMS 0x0000000083500000, 0x0000000083500000| Untracked 
|   8|0x0000000083600000, 0x0000000083600000, 0x0000000083700000|  0%| F|  |TAMS 0x0000000083600000, 0x0000000083600000| Untracked 
|   9|0x0000000083700000, 0x0000000083700000, 0x0000000083800000|  0%| F|  |TAMS 0x0000000083700000, 0x0000000083700000| Untracked 
|  10|0x0000000083800000, 0x0000000083800000, 0x0000000083900000|  0%| F|  |TAMS 0x0000000083800000, 0x0000000083800000| Untracked 
|  11|0x0000000083900000, 0x0000000083900000, 0x0000000083a00000|  0%| F|  |TAMS 0x0000000083900000, 0x0000000083900000| Untracked 
|  12|0x0000000083a00000, 0x0000000083a00000, 0x0000000083b00000|  0%| F|  |TAMS 0x0000000083a00000, 0x0000000083a00000| Untracked 
|  13|0x0000000083b00000, 0x0000000083b00000, 0x0000000083c00000|  0%| F|  |TAMS 0x0000000083b00000, 0x0000000083b00000| Untracked 
|  14|0x0000000083c00000, 0x0000000083c00000, 0x0000000083d00000|  0%| F|  |TAMS 0x0000000083c00000, 0x0000000083c00000| Untracked 
|  15|0x0000000083d00000, 0x0000000083d00000, 0x0000000083e00000|  0%| F|  |TAMS 0x0000000083d00000, 0x0000000083d00000| Untracked 
|  16|0x0000000083e00000, 0x0000000083e00000, 0x0000000083f00000|  0%| F|  |TAMS 0x0000000083e00000, 0x0000000083e00000| Untracked 
|  17|0x0000000083f00000, 0x0000000083f00000, 0x0000000084000000|  0%| F|  |TAMS 0x0000000083f00000, 0x0000000083f00000| Untracked 
|  18|0x0000000084000000, 0x0000000084000000, 0x0000000084100000|  0%| F|  |TAMS 0x0000000084000000, 0x0000000084000000| Untracked 
|  19|0x0000000084100000, 0x0000000084100000, 0x0000000084200000|  0%| F|  |TAMS 0x0000000084100000, 0x0000000084100000| Untracked 
|  20|0x0000000084200000, 0x0000000084200000, 0x0000000084300000|  0%| F|  |TAMS 0x0000000084200000, 0x0000000084200000| Untracked 
|  21|0x0000000084300000, 0x0000000084300000, 0x0000000084400000|  0%| F|  |TAMS 0x0000000084300000, 0x0000000084300000| Untracked 
|  22|0x0000000084400000, 0x0000000084400000, 0x0000000084500000|  0%| F|  |TAMS 0x0000000084400000, 0x0000000084400000| Untracked 
|  23|0x0000000084500000, 0x0000000084500000, 0x0000000084600000|  0%| F|  |TAMS 0x0000000084500000, 0x0000000084500000| Untracked 
|  24|0x0000000084600000, 0x0000000084600000, 0x0000000084700000|  0%| F|  |TAMS 0x0000000084600000, 0x0000000084600000| Untracked 
|  25|0x0000000084700000, 0x0000000084700000, 0x0000000084800000|  0%| F|  |TAMS 0x0000000084700000, 0x0000000084700000| Untracked 
|  26|0x0000000084800000, 0x0000000084800000, 0x0000000084900000|  0%| F|  |TAMS 0x0000000084800000, 0x0000000084800000| Untracked 
|  27|0x0000000084900000, 0x0000000084900000, 0x0000000084a00000|  0%| F|  |TAMS 0x0000000084900000, 0x0000000084900000| Untracked 
|  28|0x0000000084a00000, 0x0000000084a00000, 0x0000000084b00000|  0%| F|  |TAMS 0x0000000084a00000, 0x0000000084a00000| Untracked 
|  29|0x0000000084b00000, 0x0000000084b00000, 0x0000000084c00000|  0%| F|  |TAMS 0x0000000084b00000, 0x0000000084b00000| Untracked 
|  30|0x0000000084c00000, 0x0000000084c00000, 0x0000000084d00000|  0%| F|  |TAMS 0x0000000084c00000, 0x0000000084c00000| Untracked 
|  31|0x0000000084d00000, 0x0000000084d00000, 0x0000000084e00000|  0%| F|  |TAMS 0x0000000084d00000, 0x0000000084d00000| Untracked 
|  32|0x0000000084e00000, 0x0000000084e00000, 0x0000000084f00000|  0%| F|  |TAMS 0x0000000084e00000, 0x0000000084e00000| Untracked 
|  33|0x0000000084f00000, 0x0000000084f00000, 0x0000000085000000|  0%| F|  |TAMS 0x0000000084f00000, 0x0000000084f00000| Untracked 
|  34|0x0000000085000000, 0x0000000085000000, 0x0000000085100000|  0%| F|  |TAMS 0x0000000085000000, 0x0000000085000000| Untracked 
|  35|0x0000000085100000, 0x0000000085100000, 0x0000000085200000|  0%| F|  |TAMS 0x0000000085100000, 0x0000000085100000| Untracked 
|  36|0x0000000085200000, 0x0000000085200000, 0x0000000085300000|  0%| F|  |TAMS 0x0000000085200000, 0x0000000085200000| Untracked 
|  37|0x0000000085300000, 0x0000000085300000, 0x0000000085400000|  0%| F|  |TAMS 0x0000000085300000, 0x0000000085300000| Untracked 
|  38|0x0000000085400000, 0x0000000085400000, 0x0000000085500000|  0%| F|  |TAMS 0x0000000085400000, 0x0000000085400000| Untracked 
|  39|0x0000000085500000, 0x0000000085500000, 0x0000000085600000|  0%| F|  |TAMS 0x0000000085500000, 0x0000000085500000| Untracked 
|  40|0x0000000085600000, 0x0000000085600000, 0x0000000085700000|  0%| F|  |TAMS 0x0000000085600000, 0x0000000085600000| Untracked 
|  41|0x0000000085700000, 0x0000000085700000, 0x0000000085800000|  0%| F|  |TAMS 0x0000000085700000, 0x0000000085700000| Untracked 
|  42|0x0000000085800000, 0x0000000085800000, 0x0000000085900000|  0%| F|  |TAMS 0x0000000085800000, 0x0000000085800000| Untracked 
|  43|0x0000000085900000, 0x0000000085900000, 0x0000000085a00000|  0%| F|  |TAMS 0x0000000085900000, 0x0000000085900000| Untracked 
|  44|0x0000000085a00000, 0x0000000085a00000, 0x0000000085b00000|  0%| F|  |TAMS 0x0000000085a00000, 0x0000000085a00000| Untracked 
|  45|0x0000000085b00000, 0x0000000085b00000, 0x0000000085c00000|  0%| F|  |TAMS 0x0000000085b00000, 0x0000000085b00000| Untracked 
|  46|0x0000000085c00000, 0x0000000085c00000, 0x0000000085d00000|  0%| F|  |TAMS 0x0000000085c00000, 0x0000000085c00000| Untracked 
|  47|0x0000000085d00000, 0x0000000085d00000, 0x0000000085e00000|  0%| F|  |TAMS 0x0000000085d00000, 0x0000000085d00000| Untracked 
|  48|0x0000000085e00000, 0x0000000085e00000, 0x0000000085f00000|  0%| F|  |TAMS 0x0000000085e00000, 0x0000000085e00000| Untracked 
|  49|0x0000000085f00000, 0x0000000085f00000, 0x0000000086000000|  0%| F|  |TAMS 0x0000000085f00000, 0x0000000085f00000| Untracked 
|  50|0x0000000086000000, 0x0000000086000000, 0x0000000086100000|  0%| F|  |TAMS 0x0000000086000000, 0x0000000086000000| Untracked 
|  51|0x0000000086100000, 0x0000000086100000, 0x0000000086200000|  0%| F|  |TAMS 0x0000000086100000, 0x0000000086100000| Untracked 
|  52|0x0000000086200000, 0x0000000086200000, 0x0000000086300000|  0%| F|  |TAMS 0x0000000086200000, 0x0000000086200000| Untracked 
|  53|0x0000000086300000, 0x0000000086300000, 0x0000000086400000|  0%| F|  |TAMS 0x0000000086300000, 0x0000000086300000| Untracked 
|  54|0x0000000086400000, 0x0000000086400000, 0x0000000086500000|  0%| F|  |TAMS 0x0000000086400000, 0x0000000086400000| Untracked 
|  55|0x0000000086500000, 0x0000000086500000, 0x0000000086600000|  0%| F|  |TAMS 0x0000000086500000, 0x0000000086500000| Untracked 
|  56|0x0000000086600000, 0x0000000086600000, 0x0000000086700000|  0%| F|  |TAMS 0x0000000086600000, 0x0000000086600000| Untracked 
|  57|0x0000000086700000, 0x0000000086700000, 0x0000000086800000|  0%| F|  |TAMS 0x0000000086700000, 0x0000000086700000| Untracked 
|  58|0x0000000086800000, 0x0000000086800000, 0x0000000086900000|  0%| F|  |TAMS 0x0000000086800000, 0x0000000086800000| Untracked 
|  59|0x0000000086900000, 0x0000000086900000, 0x0000000086a00000|  0%| F|  |TAMS 0x0000000086900000, 0x0000000086900000| Untracked 
|  60|0x0000000086a00000, 0x0000000086a00000, 0x0000000086b00000|  0%| F|  |TAMS 0x0000000086a00000, 0x0000000086a00000| Untracked 
|  61|0x0000000086b00000, 0x0000000086b00000, 0x0000000086c00000|  0%| F|  |TAMS 0x0000000086b00000, 0x0000000086b00000| Untracked 
|  62|0x0000000086c00000, 0x0000000086c00000, 0x0000000086d00000|  0%| F|  |TAMS 0x0000000086c00000, 0x0000000086c00000| Untracked 
|  63|0x0000000086d00000, 0x0000000086d00000, 0x0000000086e00000|  0%| F|  |TAMS 0x0000000086d00000, 0x0000000086d00000| Untracked 
|  64|0x0000000086e00000, 0x0000000086e00000, 0x0000000086f00000|  0%| F|  |TAMS 0x0000000086e00000, 0x0000000086e00000| Untracked 
|  65|0x0000000086f00000, 0x0000000086f00000, 0x0000000087000000|  0%| F|  |TAMS 0x0000000086f00000, 0x0000000086f00000| Untracked 
|  66|0x0000000087000000, 0x0000000087000000, 0x0000000087100000|  0%| F|  |TAMS 0x0000000087000000, 0x0000000087000000| Untracked 
|  67|0x0000000087100000, 0x0000000087100000, 0x0000000087200000|  0%| F|  |TAMS 0x0000000087100000, 0x0000000087100000| Untracked 
|  68|0x0000000087200000, 0x0000000087200000, 0x0000000087300000|  0%| F|  |TAMS 0x0000000087200000, 0x0000000087200000| Untracked 
|  69|0x0000000087300000, 0x0000000087300000, 0x0000000087400000|  0%| F|  |TAMS 0x0000000087300000, 0x0000000087300000| Untracked 
|  70|0x0000000087400000, 0x0000000087400000, 0x0000000087500000|  0%| F|  |TAMS 0x0000000087400000, 0x0000000087400000| Untracked 
|  71|0x0000000087500000, 0x0000000087500000, 0x0000000087600000|  0%| F|  |TAMS 0x0000000087500000, 0x0000000087500000| Untracked 
|  72|0x0000000087600000, 0x0000000087600000, 0x0000000087700000|  0%| F|  |TAMS 0x0000000087600000, 0x0000000087600000| Untracked 
|  73|0x0000000087700000, 0x0000000087700000, 0x0000000087800000|  0%| F|  |TAMS 0x0000000087700000, 0x0000000087700000| Untracked 
|  74|0x0000000087800000, 0x0000000087800000, 0x0000000087900000|  0%| F|  |TAMS 0x0000000087800000, 0x0000000087800000| Untracked 
|  75|0x0000000087900000, 0x0000000087900000, 0x0000000087a00000|  0%| F|  |TAMS 0x0000000087900000, 0x0000000087900000| Untracked 
|  76|0x0000000087a00000, 0x0000000087a00000, 0x0000000087b00000|  0%| F|  |TAMS 0x0000000087a00000, 0x0000000087a00000| Untracked 
|  77|0x0000000087b00000, 0x0000000087b00000, 0x0000000087c00000|  0%| F|  |TAMS 0x0000000087b00000, 0x0000000087b00000| Untracked 
|  78|0x0000000087c00000, 0x0000000087c00000, 0x0000000087d00000|  0%| F|  |TAMS 0x0000000087c00000, 0x0000000087c00000| Untracked 
|  79|0x0000000087d00000, 0x0000000087d00000, 0x0000000087e00000|  0%| F|  |TAMS 0x0000000087d00000, 0x0000000087d00000| Untracked 
|  80|0x0000000087e00000, 0x0000000087e00000, 0x0000000087f00000|  0%| F|  |TAMS 0x0000000087e00000, 0x0000000087e00000| Untracked 
|  81|0x0000000087f00000, 0x0000000087f00000, 0x0000000088000000|  0%| F|  |TAMS 0x0000000087f00000, 0x0000000087f00000| Untracked 
|  82|0x0000000088000000, 0x0000000088077fc0, 0x0000000088100000| 46%| E|  |TAMS 0x0000000088000000, 0x0000000088000000| Complete 
|  83|0x0000000088100000, 0x0000000088200000, 0x0000000088200000|100%| E|CS|TAMS 0x0000000088100000, 0x0000000088100000| Complete 
|  84|0x0000000088200000, 0x0000000088300000, 0x0000000088300000|100%| E|CS|TAMS 0x0000000088200000, 0x0000000088200000| Complete 
|  85|0x0000000088300000, 0x00000000883a33c0, 0x0000000088400000| 63%| S|CS|TAMS 0x0000000088300000, 0x0000000088300000| Complete 
|  86|0x0000000088400000, 0x0000000088500000, 0x0000000088500000|100%| S|CS|TAMS 0x0000000088400000, 0x0000000088400000| Complete 
|  87|0x0000000088500000, 0x0000000088600000, 0x0000000088600000|100%| S|CS|TAMS 0x0000000088500000, 0x0000000088500000| Complete 
|  88|0x0000000088600000, 0x0000000088700000, 0x0000000088700000|100%| S|CS|TAMS 0x0000000088600000, 0x0000000088600000| Complete 
|  89|0x0000000088700000, 0x0000000088800000, 0x0000000088800000|100%| S|CS|TAMS 0x0000000088700000, 0x0000000088700000| Complete 
|  90|0x0000000088800000, 0x0000000088900000, 0x0000000088900000|100%| E|CS|TAMS 0x0000000088800000, 0x0000000088800000| Complete 
|  91|0x0000000088900000, 0x0000000088a00000, 0x0000000088a00000|100%| E|CS|TAMS 0x0000000088900000, 0x0000000088900000| Complete 
|  92|0x0000000088a00000, 0x0000000088b00000, 0x0000000088b00000|100%| E|CS|TAMS 0x0000000088a00000, 0x0000000088a00000| Complete 
|  93|0x0000000088b00000, 0x0000000088c00000, 0x0000000088c00000|100%| E|CS|TAMS 0x0000000088b00000, 0x0000000088b00000| Complete 
|  94|0x0000000088c00000, 0x0000000088d00000, 0x0000000088d00000|100%| E|CS|TAMS 0x0000000088c00000, 0x0000000088c00000| Complete 
|  95|0x0000000088d00000, 0x0000000088e00000, 0x0000000088e00000|100%| E|CS|TAMS 0x0000000088d00000, 0x0000000088d00000| Complete 
|  96|0x0000000088e00000, 0x0000000088f00000, 0x0000000088f00000|100%| E|CS|TAMS 0x0000000088e00000, 0x0000000088e00000| Complete 
|  97|0x0000000088f00000, 0x0000000089000000, 0x0000000089000000|100%| E|CS|TAMS 0x0000000088f00000, 0x0000000088f00000| Complete 
|  98|0x0000000089000000, 0x0000000089100000, 0x0000000089100000|100%| E|CS|TAMS 0x0000000089000000, 0x0000000089000000| Complete 
|  99|0x0000000089100000, 0x0000000089200000, 0x0000000089200000|100%| E|CS|TAMS 0x0000000089100000, 0x0000000089100000| Complete 
| 100|0x0000000089200000, 0x0000000089300000, 0x0000000089300000|100%| E|CS|TAMS 0x0000000089200000, 0x0000000089200000| Complete 
| 101|0x0000000089300000, 0x0000000089400000, 0x0000000089400000|100%| E|CS|TAMS 0x0000000089300000, 0x0000000089300000| Complete 
| 102|0x0000000089400000, 0x0000000089500000, 0x0000000089500000|100%| E|CS|TAMS 0x0000000089400000, 0x0000000089400000| Complete 
| 103|0x0000000089500000, 0x0000000089600000, 0x0000000089600000|100%| E|CS|TAMS 0x0000000089500000, 0x0000000089500000| Complete 
| 104|0x0000000089600000, 0x0000000089700000, 0x0000000089700000|100%| E|CS|TAMS 0x0000000089600000, 0x0000000089600000| Complete 
| 105|0x0000000089700000, 0x0000000089800000, 0x0000000089800000|100%| E|CS|TAMS 0x0000000089700000, 0x0000000089700000| Complete 
| 106|0x0000000089800000, 0x0000000089900000, 0x0000000089900000|100%| E|CS|TAMS 0x0000000089800000, 0x0000000089800000| Complete 
| 107|0x0000000089900000, 0x0000000089a00000, 0x0000000089a00000|100%| E|CS|TAMS 0x0000000089900000, 0x0000000089900000| Complete 
| 108|0x0000000089a00000, 0x0000000089b00000, 0x0000000089b00000|100%| E|CS|TAMS 0x0000000089a00000, 0x0000000089a00000| Complete 
| 109|0x0000000089b00000, 0x0000000089c00000, 0x0000000089c00000|100%| E|CS|TAMS 0x0000000089b00000, 0x0000000089b00000| Complete 
| 110|0x0000000089c00000, 0x0000000089d00000, 0x0000000089d00000|100%| E|CS|TAMS 0x0000000089c00000, 0x0000000089c00000| Complete 
| 111|0x0000000089d00000, 0x0000000089e00000, 0x0000000089e00000|100%| E|CS|TAMS 0x0000000089d00000, 0x0000000089d00000| Complete 
| 112|0x0000000089e00000, 0x0000000089f00000, 0x0000000089f00000|100%| E|CS|TAMS 0x0000000089e00000, 0x0000000089e00000| Complete 
| 113|0x0000000089f00000, 0x000000008a000000, 0x000000008a000000|100%| E|CS|TAMS 0x0000000089f00000, 0x0000000089f00000| Complete 
| 114|0x000000008a000000, 0x000000008a100000, 0x000000008a100000|100%| E|CS|TAMS 0x000000008a000000, 0x000000008a000000| Complete 
| 115|0x000000008a100000, 0x000000008a200000, 0x000000008a200000|100%| E|CS|TAMS 0x000000008a100000, 0x000000008a100000| Complete 
| 116|0x000000008a200000, 0x000000008a300000, 0x000000008a300000|100%| E|CS|TAMS 0x000000008a200000, 0x000000008a200000| Complete 
| 117|0x000000008a300000, 0x000000008a400000, 0x000000008a400000|100%| E|CS|TAMS 0x000000008a300000, 0x000000008a300000| Complete 
| 118|0x000000008a400000, 0x000000008a500000, 0x000000008a500000|100%| E|CS|TAMS 0x000000008a400000, 0x000000008a400000| Complete 
| 119|0x000000008a500000, 0x000000008a600000, 0x000000008a600000|100%| E|CS|TAMS 0x000000008a500000, 0x000000008a500000| Complete 
| 120|0x000000008a600000, 0x000000008a700000, 0x000000008a700000|100%| E|CS|TAMS 0x000000008a600000, 0x000000008a600000| Complete 
| 121|0x000000008a700000, 0x000000008a800000, 0x000000008a800000|100%| E|CS|TAMS 0x000000008a700000, 0x000000008a700000| Complete 
| 122|0x000000008a800000, 0x000000008a900000, 0x000000008a900000|100%| E|CS|TAMS 0x000000008a800000, 0x000000008a800000| Complete 
| 123|0x000000008a900000, 0x000000008aa00000, 0x000000008aa00000|100%| E|CS|TAMS 0x000000008a900000, 0x000000008a900000| Complete 
| 124|0x000000008aa00000, 0x000000008ab00000, 0x000000008ab00000|100%| E|CS|TAMS 0x000000008aa00000, 0x000000008aa00000| Complete 
| 125|0x000000008ab00000, 0x000000008ac00000, 0x000000008ac00000|100%| E|CS|TAMS 0x000000008ab00000, 0x000000008ab00000| Complete 

Card table byte_map: [0x000001d29d4d0000,0x000001d29d8c0000] _byte_map_base: 0x000001d29d0b9000

Marking Bits (Prev, Next): (CMBitMap*) 0x000001d284696c60, (CMBitMap*) 0x000001d284696ca0
 Prev Bits: [0x000001d29dcb0000, 0x000001d29fbf8000)
 Next Bits: [0x000001d29fc00000, 0x000001d2a1b48000)

Polling page: 0x000001d284730000

Metaspace:

Usage:
  Non-class:     17.06 MB used.
      Class:      2.60 MB used.
       Both:     19.66 MB used.

Virtual space:
  Non-class space:       24.00 MB reserved,      17.19 MB ( 72%) committed,  3 nodes.
      Class space:        1.00 GB reserved,       2.75 MB ( <1%) committed,  1 nodes.
             Both:        1.02 GB reserved,      19.94 MB (  2%) committed. 

Chunk freelists:
   Non-Class:  2.80 MB
       Class:  1.15 MB
        Both:  3.95 MB

MaxMetaspaceSize: unlimited
CompressedClassSpaceSize: 1.00 GB
Initial GC threshold: 21.00 MB
Current GC threshold: 21.00 MB
CDS: on
MetaspaceReclaimPolicy: balanced
 - commit_granule_bytes: 65536.
 - commit_granule_words: 8192.
 - virtual_space_node_default_size: 1048576.
 - enlarge_chunks_in_place: 1.
 - new_chunks_are_fully_committed: 0.
 - uncommit_free_chunks: 1.
 - use_allocation_guard: 0.
 - handle_deallocations: 1.


Internal statistics:

num_allocs_failed_limit: 0.
num_arena_births: 234.
num_arena_deaths: 0.
num_vsnodes_births: 4.
num_vsnodes_deaths: 0.
num_space_committed: 319.
num_space_uncommitted: 0.
num_chunks_returned_to_freelist: 0.
num_chunks_taken_from_freelist: 847.
num_chunk_merges: 0.
num_chunk_splits: 598.
num_chunks_enlarged: 467.
num_purges: 0.
num_inconsistent_stats: 0.

CodeHeap 'non-profiled nmethods': size=120000Kb used=2092Kb max_used=2092Kb free=117907Kb
 bounds [0x000001d295140000, 0x000001d2953b0000, 0x000001d29c670000]
CodeHeap 'profiled nmethods': size=120000Kb used=8442Kb max_used=8442Kb free=111557Kb
 bounds [0x000001d28dc10000, 0x000001d28e450000, 0x000001d295140000]
CodeHeap 'non-nmethods': size=5760Kb used=1454Kb max_used=1519Kb free=4305Kb
 bounds [0x000001d28d670000, 0x000001d28d8e0000, 0x000001d28dc10000]
 total_blobs=5134 nmethods=4318 adapters=727
 compilation: enabled
              stopped_count=0, restarted_count=0
 full_count=0

Compilation events (20 events):
Event: 86.475 Thread 0x000001d2a45efcc0 4313       4       com.sun.javafx.tk.quantum.QuantumToolkit::postPulse (133 bytes)
Event: 86.554 Thread 0x000001d2a45efcc0 nmethod 4313 0x000001d29534a590 code [0x000001d29534a720, 0x000001d29534a8f8]
Event: 86.619 Thread 0x000001d2a45efcc0 4314       4       com.sun.javafx.tk.quantum.QuantumToolkit$$Lambda$104/0x0000000800c38000::run (8 bytes)
Event: 86.625 Thread 0x000001d2a45efcc0 nmethod 4314 0x000001d29534ab10 code [0x000001d29534aca0, 0x000001d29534ae98]
Event: 109.813 Thread 0x000001d2a45f12d0 4315       3       javafx.scene.Node$15::invalidated (43 bytes)
Event: 109.815 Thread 0x000001d2a45f12d0 nmethod 4315 0x000001d28e446f10 code [0x000001d28e447180, 0x000001d28e447c38]
Event: 147.779 Thread 0x000001d2a45f12d0 4316       3       jdk.internal.module.Resources::toPackageName (39 bytes)
Event: 147.780 Thread 0x000001d2a45f12d0 nmethod 4316 0x000001d28e447f90 code [0x000001d28e4481c0, 0x000001d28e448838]
Event: 202.784 Thread 0x000001d2a45f12d0 4317       3       jdk.internal.util.jar.JarIndex::get (49 bytes)
Event: 202.784 Thread 0x000001d2a45f12d0 nmethod 4317 0x000001d28e448a90 code [0x000001d28e448cc0, 0x000001d28e4495a8]
Event: 367.805 Thread 0x000001d2a45f12d0 4318       3       jdk.internal.loader.BuiltinClassLoader::checkURL (5 bytes)
Event: 367.805 Thread 0x000001d2a45f12d0 nmethod 4318 0x000001d28e449890 code [0x000001d28e449a40, 0x000001d28e449c48]
Event: 367.805 Thread 0x000001d2a45f12d0 4319   !   3       jdk.internal.loader.URLClassPath::checkURL (16 bytes)
Event: 367.806 Thread 0x000001d2a45f12d0 nmethod 4319 0x000001d28e449d10 code [0x000001d28e449ec0, 0x000001d28e44a088]
Event: 377.806 Thread 0x000001d2a45f12d0 4320   !   3       jdk.internal.loader.BuiltinClassLoader::findMiscResource (122 bytes)
Event: 377.807 Thread 0x000001d2a45f12d0 nmethod 4320 0x000001d28e44a190 code [0x000001d28e44a440, 0x000001d28e44b6a8]
Event: 392.809 Thread 0x000001d2a45f12d0 4321   !   3       jdk.internal.loader.BuiltinClassLoader::findResource (154 bytes)
Event: 392.811 Thread 0x000001d2a45f12d0 nmethod 4321 0x000001d28e44bb90 code [0x000001d28e44bf00, 0x000001d28e44d3c8]
Event: 392.811 Thread 0x000001d2a45f12d0 4322       3       jdk.internal.loader.BuiltinClassLoader::findResourceOnClassPath (41 bytes)
Event: 392.812 Thread 0x000001d2a45f12d0 nmethod 4322 0x000001d28e44dc10 code [0x000001d28e44de40, 0x000001d28e44e718]

GC Heap History (4 events):
Event: 0.661 GC heap before
{Heap before GC invocations=0 (full 0):
 garbage-first heap   total 129024K, used 22528K [0x0000000082e00000, 0x0000000100000000)
  region size 1024K, 23 young (23552K), 0 survivors (0K)
 Metaspace       used 4891K, committed 5056K, reserved 1056768K
  class space    used 565K, committed 640K, reserved 1048576K
}
Event: 0.670 GC heap after
{Heap after GC invocations=1 (full 0):
 garbage-first heap   total 129024K, used 3353K [0x0000000082e00000, 0x0000000100000000)
  region size 1024K, 3 young (3072K), 3 survivors (3072K)
 Metaspace       used 4891K, committed 5056K, reserved 1056768K
  class space    used 565K, committed 640K, reserved 1048576K
}
Event: 2.718 GC heap before
{Heap before GC invocations=1 (full 0):
 garbage-first heap   total 129024K, used 39193K [0x0000000082e00000, 0x0000000100000000)
  region size 1024K, 36 young (36864K), 3 survivors (3072K)
 Metaspace       used 13322K, committed 13568K, reserved 1064960K
  class space    used 1765K, committed 1856K, reserved 1048576K
}
Event: 2.727 GC heap after
{Heap after GC invocations=2 (full 0):
 garbage-first heap   total 129024K, used 9792K [0x0000000082e00000, 0x0000000100000000)
  region size 1024K, 5 young (5120K), 5 survivors (5120K)
 Metaspace       used 13322K, committed 13568K, reserved 1064960K
  class space    used 1765K, committed 1856K, reserved 1048576K
}

Deoptimization events (20 events):
Event: 9.691 Thread 0x000001d2a5b67070 DEOPT PACKING pc=0x000001d28e3548f7 sp=0x000000a7818fd8d0
Event: 9.691 Thread 0x000001d2a5b67070 DEOPT UNPACKING pc=0x000001d28d6c2b43 sp=0x000000a7818fccf0 mode 0
Event: 10.174 Thread 0x000001d2a5b67070 DEOPT PACKING pc=0x000001d28e347bc2 sp=0x000000a7818fd890
Event: 10.174 Thread 0x000001d2a5b67070 DEOPT UNPACKING pc=0x000001d28d6c2b43 sp=0x000000a7818fcd20 mode 0
Event: 10.447 Thread 0x000001d2a5b67070 Uncommon trap: trap_request=0xffffffbe fr.pc=0x000001d295317200 relative=0x0000000000000920
Event: 10.447 Thread 0x000001d2a5b67070 Uncommon trap: reason=profile_predicate action=maybe_recompile pc=0x000001d295317200 method=com.sun.prism.impl.ps.PaintHelper.setMultiGradient(Lcom/sun/prism/ps/Shader;Lcom/sun/prism/paint/Gradient;)V @ 24 c2
Event: 10.447 Thread 0x000001d2a5b67070 DEOPT PACKING pc=0x000001d295317200 sp=0x000000a7818fdd30
Event: 10.447 Thread 0x000001d2a5b67070 DEOPT UNPACKING pc=0x000001d28d6c23a3 sp=0x000000a7818fdcf0 mode 2
Event: 10.447 Thread 0x000001d2a5b67070 Uncommon trap: trap_request=0xffffffbe fr.pc=0x000001d295317200 relative=0x0000000000000920
Event: 10.447 Thread 0x000001d2a5b67070 Uncommon trap: reason=profile_predicate action=maybe_recompile pc=0x000001d295317200 method=com.sun.prism.impl.ps.PaintHelper.setMultiGradient(Lcom/sun/prism/ps/Shader;Lcom/sun/prism/paint/Gradient;)V @ 24 c2
Event: 10.447 Thread 0x000001d2a5b67070 DEOPT PACKING pc=0x000001d295317200 sp=0x000000a7818fdd30
Event: 10.447 Thread 0x000001d2a5b67070 DEOPT UNPACKING pc=0x000001d28d6c23a3 sp=0x000000a7818fdcf0 mode 2
Event: 10.448 Thread 0x000001d2a5b67070 Uncommon trap: trap_request=0xffffffbe fr.pc=0x000001d295317200 relative=0x0000000000000920
Event: 10.448 Thread 0x000001d2a5b67070 Uncommon trap: reason=profile_predicate action=maybe_recompile pc=0x000001d295317200 method=com.sun.prism.impl.ps.PaintHelper.setMultiGradient(Lcom/sun/prism/ps/Shader;Lcom/sun/prism/paint/Gradient;)V @ 24 c2
Event: 10.448 Thread 0x000001d2a5b67070 DEOPT PACKING pc=0x000001d295317200 sp=0x000000a7818fdbd0
Event: 10.448 Thread 0x000001d2a5b67070 DEOPT UNPACKING pc=0x000001d28d6c23a3 sp=0x000000a7818fdb90 mode 2
Event: 10.448 Thread 0x000001d2a5b67070 Uncommon trap: trap_request=0xffffffbe fr.pc=0x000001d295317200 relative=0x0000000000000920
Event: 10.448 Thread 0x000001d2a5b67070 Uncommon trap: reason=profile_predicate action=maybe_recompile pc=0x000001d295317200 method=com.sun.prism.impl.ps.PaintHelper.setMultiGradient(Lcom/sun/prism/ps/Shader;Lcom/sun/prism/paint/Gradient;)V @ 24 c2
Event: 10.448 Thread 0x000001d2a5b67070 DEOPT PACKING pc=0x000001d295317200 sp=0x000000a7818fdbd0
Event: 10.448 Thread 0x000001d2a5b67070 DEOPT UNPACKING pc=0x000001d28d6c23a3 sp=0x000000a7818fdb90 mode 2

Classes unloaded (0 events):
No events

Classes redefined (0 events):
No events

Internal exceptions (20 events):
Event: 1.341 Thread 0x000001d2a592f940 Exception <a 'java/lang/NoSuchMethodError'{0x0000000088f3ef38}: 'java.lang.Object java.lang.invoke.DirectMethodHandle$Holder.invokeInterface(java.lang.Object, java.lang.Object, java.lang.Object)'> (0x0000000088f3ef38) 
thrown [t:\workspace\open\src\hotspot\share\interpreter\linkResolver.cpp, line 766]
Event: 1.341 Thread 0x000001d2a592f940 Exception <a 'java/lang/IncompatibleClassChangeError'{0x0000000088f428c0}: Found class java.lang.Object, but interface was expected> (0x0000000088f428c0) 
thrown [t:\workspace\open\src\hotspot\share\interpreter\linkResolver.cpp, line 833]
Event: 1.416 Thread 0x000001d2a592f940 Exception <a 'java/lang/NoSuchMethodError'{0x0000000088efc560}: 'java.lang.Object java.lang.invoke.DirectMethodHandle$Holder.newInvokeSpecial(java.lang.Object, java.lang.Object, int)'> (0x0000000088efc560) 
thrown [t:\workspace\open\src\hotspot\share\interpreter\linkResolver.cpp, line 766]
Event: 1.432 Thread 0x000001d2a5b67070 Exception <a 'java/lang/NoSuchMethodError'{0x0000000088c1b848}: 'int java.lang.invoke.DirectMethodHandle$Holder.invokeStaticInit(java.lang.Object, java.lang.Object)'> (0x0000000088c1b848) 
thrown [t:\workspace\open\src\hotspot\share\interpreter\linkResolver.cpp, line 766]
Event: 2.606 Thread 0x000001d2a592f940 Exception <a 'java/lang/NoSuchMethodError'{0x0000000088820078}: 'long java.lang.invoke.DirectMethodHandle$Holder.invokeStatic(java.lang.Object, java.lang.Object, java.lang.Object)'> (0x0000000088820078) 
thrown [t:\workspace\open\src\hotspot\share\interpreter\linkResolver.cpp, line 766]
Event: 2.607 Thread 0x000001d2a592f940 Exception <a 'java/lang/NoSuchMethodError'{0x0000000088823820}: 'long java.lang.invoke.DirectMethodHandle$Holder.invokeStaticInit(java.lang.Object, java.lang.Object, java.lang.Object)'> (0x0000000088823820) 
thrown [t:\workspace\open\src\hotspot\share\interpreter\linkResolver.cpp, line 766]
Event: 2.613 Thread 0x000001d2a592f940 Exception <a 'java/lang/NoSuchMethodError'{0x000000008883b428}: 'java.lang.Object java.lang.invoke.DirectMethodHandle$Holder.newInvokeSpecial(java.lang.Object, java.lang.Object, long)'> (0x000000008883b428) 
thrown [t:\workspace\open\src\hotspot\share\interpreter\linkResolver.cpp, line 766]
Event: 2.614 Thread 0x000001d2a592f940 Exception <a 'java/lang/NoSuchMethodError'{0x000000008883ef98}: 'java.lang.Object java.lang.invoke.Invokers$Holder.linkToTargetMethod(java.lang.Object, long, java.lang.Object)'> (0x000000008883ef98) 
thrown [t:\workspace\open\src\hotspot\share\interpreter\linkResolver.cpp, line 766]
Event: 2.752 Thread 0x000001d2a592f940 Exception <a 'sun/nio/fs/WindowsException'{0x000000008a9294f8}> (0x000000008a9294f8) 
thrown [t:\workspace\open\src\hotspot\share\prims\jni.cpp, line 516]
Event: 2.771 Thread 0x000001d2a592f940 Exception <a 'sun/nio/fs/WindowsException'{0x000000008a84fb60}> (0x000000008a84fb60) 
thrown [t:\workspace\open\src\hotspot\share\prims\jni.cpp, line 516]
Event: 2.773 Thread 0x000001d2a592f940 Exception <a 'java/lang/NoSuchMethodError'{0x000000008a856070}: 'java.lang.Object java.lang.invoke.DirectMethodHandle$Holder.invokeVirtual(java.lang.Object, java.lang.Object, java.lang.Object, java.lang.Object)'> (0x000000008a856070) 
thrown [t:\workspace\open\src\hotspot\share\interpreter\linkResolver.cpp, line 766]
Event: 2.816 Thread 0x000001d2a592f940 Exception <a 'java/lang/NoSuchMethodError'{0x000000008a739f30}: 'int java.lang.invoke.DirectMethodHandle$Holder.invokeSpecial(java.lang.Object, java.lang.Object, java.lang.Object)'> (0x000000008a739f30) 
thrown [t:\workspace\open\src\hotspot\share\interpreter\linkResolver.cpp, line 766]
Event: 2.865 Thread 0x000001d2a592f940 Exception <a 'java/lang/NoSuchMethodError'{0x000000008a7da2f0}: 'java.lang.Object java.lang.invoke.DirectMethodHandle$Holder.invokeStaticInit(java.lang.Object, int, int, int, int)'> (0x000000008a7da2f0) 
thrown [t:\workspace\open\src\hotspot\share\interpreter\linkResolver.cpp, line 766]
Event: 2.896 Thread 0x000001d2a592f940 Exception <a 'java/lang/NoSuchMethodError'{0x000000008a6213e0}: 'java.lang.Object java.lang.invoke.DirectMethodHandle$Holder.invokeStaticInit(java.lang.Object, java.lang.Object, int, int, int, int)'> (0x000000008a6213e0) 
thrown [t:\workspace\open\src\hotspot\share\interpreter\linkResolver.cpp, line 766]
Event: 2.929 Thread 0x000001d2a592f940 Exception <a 'sun/nio/fs/WindowsException'{0x000000008a5a2418}> (0x000000008a5a2418) 
thrown [t:\workspace\open\src\hotspot\share\prims\jni.cpp, line 516]
Event: 2.931 Thread 0x000001d2a592f940 Exception <a 'sun/nio/fs/WindowsException'{0x000000008a5b7a38}> (0x000000008a5b7a38) 
thrown [t:\workspace\open\src\hotspot\share\prims\jni.cpp, line 516]
Event: 2.972 Thread 0x000001d2a592f940 Implicit null exception at 0x000001d2952184e0 to 0x000001d295218e00
Event: 3.066 Thread 0x000001d2a592f940 Exception <a 'java/lang/ClassNotFoundException'{0x000000008a1e6a00}: com/sun/javafx/scene/control/skin/resources/controls> (0x000000008a1e6a00) 
thrown [t:\workspace\open\src\hotspot\share\prims\jni.cpp, line 535]
Event: 3.067 Thread 0x000001d2a592f940 Exception <a 'java/lang/ClassNotFoundException'{0x000000008a1f4c70}: com/sun/javafx/scene/control/skin/resources/controls_ru> (0x000000008a1f4c70) 
thrown [t:\workspace\open\src\hotspot\share\prims\jni.cpp, line 535]
Event: 3.067 Thread 0x000001d2a592f940 Exception <a 'java/lang/ClassNotFoundException'{0x000000008a1f5f70}: com/sun/javafx/scene/control/skin/resources/controls_ru_RU> (0x000000008a1f5f70) 
thrown [t:\workspace\open\src\hotspot\share\prims\jni.cpp, line 535]

VM Operations (20 events):
Event: 9.528 Executing VM operation: HandshakeAllThreads done
Event: 10.528 Executing VM operation: Cleanup
Event: 10.528 Executing VM operation: Cleanup done
Event: 11.528 Executing VM operation: Cleanup
Event: 11.529 Executing VM operation: Cleanup done
Event: 12.529 Executing VM operation: Cleanup
Event: 12.529 Executing VM operation: Cleanup done
Event: 13.529 Executing VM operation: Cleanup
Event: 13.529 Executing VM operation: Cleanup done
Event: 14.529 Executing VM operation: Cleanup
Event: 14.530 Executing VM operation: Cleanup done
Event: 17.530 Executing VM operation: Cleanup
Event: 17.531 Executing VM operation: Cleanup done
Event: 23.534 Executing VM operation: Cleanup
Event: 23.534 Executing VM operation: Cleanup done
Event: 110.583 Executing VM operation: Cleanup
Event: 110.583 Executing VM operation: Cleanup done
Event: 112.583 Executing VM operation: Cleanup
Event: 112.583 Executing VM operation: Cleanup done
Event: 404.175 Executing VM operation: Exit

Events (20 events):
Event: 3.032 loading class java/net/UnknownHostException done
Event: 3.650 Thread 0x000001d2aadc39c0 Thread exited: 0x000001d2aadc39c0
Event: 4.372 Thread 0x000001d2a5984270 Thread added: 0x000001d2a5984270
Event: 4.529 Thread 0x000001d2a5984270 Thread exited: 0x000001d2a5984270
Event: 5.514 Thread 0x000001d2ab17c600 Thread added: 0x000001d2ab17c600
Event: 5.829 Thread 0x000001d2ab17c600 Thread exited: 0x000001d2ab17c600
Event: 7.052 Thread 0x000001d2ab5ad780 Thread added: 0x000001d2ab5ad780
Event: 7.487 Thread 0x000001d2ab5ad780 Thread exited: 0x000001d2ab5ad780
Event: 7.572 Thread 0x000001d2ab5ad780 Thread added: 0x000001d2ab5ad780
Event: 9.487 Thread 0x000001d2ab5ad780 Thread exited: 0x000001d2ab5ad780
Event: 10.174 Thread 0x000001d2aad5a9a0 Thread added: 0x000001d2aad5a9a0
Event: 10.407 Thread 0x000001d2aad5a9a0 Thread exited: 0x000001d2aad5a9a0
Event: 404.155 loading class jdk/internal/misc/Signal$1
Event: 404.155 loading class jdk/internal/misc/Signal$1 done
Event: 404.168 Thread 0x000001d2ab1b5a30 Thread added: 0x000001d2ab1b5a30
Event: 404.170 Thread 0x000001d2ab1b98c0 Thread added: 0x000001d2ab1b98c0
Event: 404.170 Thread 0x000001d2ab1b9d90 Thread added: 0x000001d2ab1b9d90
Event: 404.170 Thread 0x000001d2ab1b98c0 Thread exited: 0x000001d2ab1b98c0
Event: 404.173 Thread 0x000001d2ab1b9d90 Thread exited: 0x000001d2ab1b9d90
Event: 404.174 Thread 0x000001d2a45da390 Thread exited: 0x000001d2a45da390


Dynamic libraries:
0x00007ff658630000 - 0x00007ff65863e000 	C:\Users\Владимир\.jdks\openjdk-17.0.2\bin\java.exe
0x00007fffaea50000 - 0x00007fffaec48000 	C:\WINDOWS\SYSTEM32\ntdll.dll
0x00007fffade00000 - 0x00007fffadebf000 	C:\WINDOWS\System32\KERNEL32.DLL
0x00007fffac340000 - 0x00007fffac612000 	C:\WINDOWS\System32\KERNELBASE.dll
0x00007fffac620000 - 0x00007fffac720000 	C:\WINDOWS\System32\ucrtbase.dll
0x00007fffa1570000 - 0x00007fffa158a000 	C:\Users\Владимир\.jdks\openjdk-17.0.2\bin\VCRUNTIME140.dll
0x00007fffa33b0000 - 0x00007fffa33c8000 	C:\Users\Владимир\.jdks\openjdk-17.0.2\bin\jli.dll
0x00007fffae710000 - 0x00007fffae8ad000 	C:\WINDOWS\System32\USER32.dll
0x00007fff83180000 - 0x00007fff8341a000 	C:\WINDOWS\WinSxS\amd64_microsoft.windows.common-controls_6595b64144ccf1df_6.0.19041.1110_none_60b5254171f9507e\COMCTL32.dll
0x00007fffac1b0000 - 0x00007fffac1d2000 	C:\WINDOWS\System32\win32u.dll
0x00007fffad0c0000 - 0x00007fffad15e000 	C:\WINDOWS\System32\msvcrt.dll
0x00007fffad160000 - 0x00007fffad18b000 	C:\WINDOWS\System32\GDI32.dll
0x00007fffac230000 - 0x00007fffac33f000 	C:\WINDOWS\System32\gdi32full.dll
0x00007fffac9d0000 - 0x00007fffaca6d000 	C:\WINDOWS\System32\msvcp_win.dll
0x00007fffadf20000 - 0x00007fffadf52000 	C:\WINDOWS\System32\IMM32.DLL
0x00007fffa67a0000 - 0x00007fffa67ac000 	C:\Users\Владимир\.jdks\openjdk-17.0.2\bin\vcruntime140_1.dll
0x00007fff8e9f0000 - 0x00007fff8ea7d000 	C:\Users\Владимир\.jdks\openjdk-17.0.2\bin\msvcp140.dll
0x00007fff69b30000 - 0x00007fff6a6f1000 	C:\Users\Владимир\.jdks\openjdk-17.0.2\bin\server\jvm.dll
0x00007fffad320000 - 0x00007fffad3ce000 	C:\WINDOWS\System32\ADVAPI32.dll
0x00007fffae8b0000 - 0x00007fffae94c000 	C:\WINDOWS\System32\sechost.dll
0x00007fffad1f0000 - 0x00007fffad315000 	C:\WINDOWS\System32\RPCRT4.dll
0x00007fffad0a0000 - 0x00007fffad0a8000 	C:\WINDOWS\System32\PSAPI.DLL
0x00007fff9bdc0000 - 0x00007fff9bdc9000 	C:\WINDOWS\SYSTEM32\WSOCK32.dll
0x00007fff9b9b0000 - 0x00007fff9b9d7000 	C:\WINDOWS\SYSTEM32\WINMM.dll
0x00007fffa4f60000 - 0x00007fffa4f6a000 	C:\WINDOWS\SYSTEM32\VERSION.dll
0x00007ffface10000 - 0x00007ffface7b000 	C:\WINDOWS\System32\ws2_32.DLL
0x00007fffa9f00000 - 0x00007fffa9f12000 	C:\WINDOWS\SYSTEM32\kernel.appcore.dll
0x00007fffa5df0000 - 0x00007fffa5dfa000 	C:\Users\Владимир\.jdks\openjdk-17.0.2\bin\jimage.dll
0x00007fffa6410000 - 0x00007fffa65f4000 	C:\WINDOWS\SYSTEM32\DBGHELP.DLL
0x00007fffa2660000 - 0x00007fffa268c000 	C:\WINDOWS\SYSTEM32\dbgcore.DLL
0x00007fffac120000 - 0x00007fffac1a2000 	C:\WINDOWS\System32\bcryptPrimitives.dll
0x00007fffa33a0000 - 0x00007fffa33ae000 	C:\Users\Владимир\.jdks\openjdk-17.0.2\bin\instrument.dll
0x00007fff91d60000 - 0x00007fff91d85000 	C:\Users\Владимир\.jdks\openjdk-17.0.2\bin\java.dll
0x00007fff8e5e0000 - 0x00007fff8e6b6000 	C:\Users\Владимир\.jdks\openjdk-17.0.2\bin\jsvml.dll
0x00007fffadfc0000 - 0x00007fffae703000 	C:\WINDOWS\System32\SHELL32.dll
0x00007fffaa1e0000 - 0x00007fffaa972000 	C:\WINDOWS\SYSTEM32\windows.storage.dll
0x00007fffadaa0000 - 0x00007fffaddf4000 	C:\WINDOWS\System32\combase.dll
0x00007fffabb80000 - 0x00007fffabbb0000 	C:\WINDOWS\SYSTEM32\Wldp.dll
0x00007fffacba0000 - 0x00007fffacc4d000 	C:\WINDOWS\System32\SHCORE.dll
0x00007fffacb40000 - 0x00007fffacb95000 	C:\WINDOWS\System32\shlwapi.dll
0x00007fffac060000 - 0x00007fffac07f000 	C:\WINDOWS\SYSTEM32\profapi.dll
0x00007fffa1550000 - 0x00007fffa1569000 	C:\Users\Владимир\.jdks\openjdk-17.0.2\bin\net.dll
0x00007fffa52e0000 - 0x00007fffa53ec000 	C:\WINDOWS\SYSTEM32\WINHTTP.dll
0x00007fffab8e0000 - 0x00007fffab94a000 	C:\WINDOWS\system32\mswsock.dll
0x00007fff92bf0000 - 0x00007fff92c06000 	C:\Users\Владимир\.jdks\openjdk-17.0.2\bin\nio.dll
0x00007fff91f00000 - 0x00007fff91f18000 	C:\Users\Владимир\.jdks\openjdk-17.0.2\bin\zip.dll
0x00007fff91d40000 - 0x00007fff91d5a000 	C:\Program Files\JetBrains\IntelliJ IDEA Community Edition 2021.3.2\bin\breakgen64.dll
0x000001d2a47a0000 - 0x000001d2a47a3000 	C:\Users\Владимир\.openjfx\cache\18+12\api-ms-win-core-console-l1-1-0.dll
0x000001d2a47b0000 - 0x000001d2a47b3000 	C:\Users\Владимир\.openjfx\cache\18+12\api-ms-win-core-console-l1-2-0.dll
0x000001d2a47c0000 - 0x000001d2a47c3000 	C:\Users\Владимир\.openjfx\cache\18+12\api-ms-win-core-datetime-l1-1-0.dll
0x000001d2a47d0000 - 0x000001d2a47d3000 	C:\Users\Владимир\.openjfx\cache\18+12\api-ms-win-core-debug-l1-1-0.dll
0x000001d2a47e0000 - 0x000001d2a47e3000 	C:\Users\Владимир\.openjfx\cache\18+12\api-ms-win-core-errorhandling-l1-1-0.dll
0x000001d2a47f0000 - 0x000001d2a47f4000 	C:\Users\Владимир\.openjfx\cache\18+12\api-ms-win-core-file-l1-1-0.dll
0x000001d2a5c00000 - 0x000001d2a5c03000 	C:\Users\Владимир\.openjfx\cache\18+12\api-ms-win-core-file-l1-2-0.dll
0x000001d2a5c10000 - 0x000001d2a5c13000 	C:\Users\Владимир\.openjfx\cache\18+12\api-ms-win-core-file-l2-1-0.dll
0x000001d2a5c20000 - 0x000001d2a5c23000 	C:\Users\Владимир\.openjfx\cache\18+12\api-ms-win-core-handle-l1-1-0.dll
0x000001d2a5c30000 - 0x000001d2a5c33000 	C:\Users\Владимир\.openjfx\cache\18+12\api-ms-win-core-heap-l1-1-0.dll
0x000001d2a5c40000 - 0x000001d2a5c43000 	C:\Users\Владимир\.openjfx\cache\18+12\api-ms-win-core-interlocked-l1-1-0.dll
0x000001d2a5c50000 - 0x000001d2a5c53000 	C:\Users\Владимир\.openjfx\cache\18+12\api-ms-win-core-libraryloader-l1-1-0.dll
0x000001d2a5c60000 - 0x000001d2a5c63000 	C:\Users\Владимир\.openjfx\cache\18+12\api-ms-win-core-localization-l1-2-0.dll
0x000001d2a5c70000 - 0x000001d2a5c73000 	C:\Users\Владимир\.openjfx\cache\18+12\api-ms-win-core-memory-l1-1-0.dll
0x000001d2a5c80000 - 0x000001d2a5c83000 	C:\Users\Владимир\.openjfx\cache\18+12\api-ms-win-core-namedpipe-l1-1-0.dll
0x000001d2a5c90000 - 0x000001d2a5c93000 	C:\Users\Владимир\.openjfx\cache\18+12\api-ms-win-core-processenvironment-l1-1-0.dll
0x000001d2a5ca0000 - 0x000001d2a5ca3000 	C:\Users\Владимир\.openjfx\cache\18+12\api-ms-win-core-processthreads-l1-1-0.dll
0x000001d2a5cb0000 - 0x000001d2a5cb3000 	C:\Users\Владимир\.openjfx\cache\18+12\api-ms-win-core-processthreads-l1-1-1.dll
0x000001d2a5cc0000 - 0x000001d2a5cc3000 	C:\Users\Владимир\.openjfx\cache\18+12\api-ms-win-core-profile-l1-1-0.dll
0x000001d2a5cd0000 - 0x000001d2a5cd3000 	C:\Users\Владимир\.openjfx\cache\18+12\api-ms-win-core-rtlsupport-l1-1-0.dll
0x000001d2a5ce0000 - 0x000001d2a5ce3000 	C:\Users\Владимир\.openjfx\cache\18+12\api-ms-win-core-string-l1-1-0.dll
0x000001d2a5cf0000 - 0x000001d2a5cf3000 	C:\Users\Владимир\.openjfx\cache\18+12\api-ms-win-core-synch-l1-1-0.dll
0x000001d2a5d00000 - 0x000001d2a5d03000 	C:\Users\Владимир\.openjfx\cache\18+12\api-ms-win-core-synch-l1-2-0.dll
0x000001d2a5d10000 - 0x000001d2a5d13000 	C:\Users\Владимир\.openjfx\cache\18+12\api-ms-win-core-sysinfo-l1-1-0.dll
0x000001d2a5d20000 - 0x000001d2a5d23000 	C:\Users\Владимир\.openjfx\cache\18+12\api-ms-win-core-timezone-l1-1-0.dll
0x000001d2a5d30000 - 0x000001d2a5d33000 	C:\Users\Владимир\.openjfx\cache\18+12\api-ms-win-core-util-l1-1-0.dll
0x000001d2a5d40000 - 0x000001d2a5d43000 	C:\Users\Владимир\.openjfx\cache\18+12\api-ms-win-crt-conio-l1-1-0.dll
0x000001d2a5d50000 - 0x000001d2a5d54000 	C:\Users\Владимир\.openjfx\cache\18+12\api-ms-win-crt-convert-l1-1-0.dll
0x000001d2a5d60000 - 0x000001d2a5d63000 	C:\Users\Владимир\.openjfx\cache\18+12\api-ms-win-crt-environment-l1-1-0.dll
0x000001d2a5d70000 - 0x000001d2a5d73000 	C:\Users\Владимир\.openjfx\cache\18+12\api-ms-win-crt-filesystem-l1-1-0.dll
0x000001d2a5d80000 - 0x000001d2a5d83000 	C:\Users\Владимир\.openjfx\cache\18+12\api-ms-win-crt-heap-l1-1-0.dll
0x000001d2a5d90000 - 0x000001d2a5d93000 	C:\Users\Владимир\.openjfx\cache\18+12\api-ms-win-crt-locale-l1-1-0.dll
0x000001d2a5da0000 - 0x000001d2a5da5000 	C:\Users\Владимир\.openjfx\cache\18+12\api-ms-win-crt-math-l1-1-0.dll
0x000001d2a5db0000 - 0x000001d2a5db5000 	C:\Users\Владимир\.openjfx\cache\18+12\api-ms-win-crt-multibyte-l1-1-0.dll
0x000001d2a5dc0000 - 0x000001d2a5dd0000 	C:\Users\Владимир\.openjfx\cache\18+12\api-ms-win-crt-private-l1-1-0.dll
0x000001d2a5dd0000 - 0x000001d2a5dd3000 	C:\Users\Владимир\.openjfx\cache\18+12\api-ms-win-crt-process-l1-1-0.dll
0x000001d2a5de0000 - 0x000001d2a5de4000 	C:\Users\Владимир\.openjfx\cache\18+12\api-ms-win-crt-runtime-l1-1-0.dll
0x000001d2a5df0000 - 0x000001d2a5df4000 	C:\Users\Владимир\.openjfx\cache\18+12\api-ms-win-crt-stdio-l1-1-0.dll
0x000001d2a5e00000 - 0x000001d2a5e04000 	C:\Users\Владимир\.openjfx\cache\18+12\api-ms-win-crt-string-l1-1-0.dll
0x000001d2a5e10000 - 0x000001d2a5e13000 	C:\Users\Владимир\.openjfx\cache\18+12\api-ms-win-crt-time-l1-1-0.dll
0x000001d2a5e20000 - 0x000001d2a5e23000 	C:\Users\Владимир\.openjfx\cache\18+12\api-ms-win-crt-utility-l1-1-0.dll
0x00007fff7b560000 - 0x00007fff7b65c000 	C:\Users\Владимир\.openjfx\cache\18+12\ucrtbase.dll
0x00007fff91a20000 - 0x00007fff91a3a000 	C:\Users\Владимир\.openjfx\cache\18+12\vcruntime140.dll
0x00007fff91a10000 - 0x00007fff91a1c000 	C:\Users\Владимир\.openjfx\cache\18+12\vcruntime140_1.dll
0x00007fff7a4b0000 - 0x00007fff7a53d000 	C:\Users\Владимир\.openjfx\cache\18+12\msvcp140.dll
0x00007fff8ec60000 - 0x00007fff8ec8c000 	C:\Users\Владимир\.openjfx\cache\18+12\prism_d3d.dll
0x00007fff5c290000 - 0x00007fff5c45f000 	C:\WINDOWS\system32\d3d9.dll
0x00007fffa9ed0000 - 0x00007fffa9eff000 	C:\WINDOWS\SYSTEM32\dwmapi.dll
0x00007fffa9a70000 - 0x00007fffa9b0e000 	C:\WINDOWS\system32\uxtheme.dll
0x00007fff752a0000 - 0x00007fff75405000 	C:\WINDOWS\System32\DriverStore\FileRepository\iigd_dch.inf_amd64_6c531da99dfd5830\igdumdim64.dll
0x00007fffad3d0000 - 0x00007fffad4fa000 	C:\WINDOWS\System32\ole32.dll
0x00007fff136f0000 - 0x00007fff172cc000 	C:\WINDOWS\System32\DriverStore\FileRepository\iigd_dch.inf_amd64_6c531da99dfd5830\igd9dxva64.dll
0x00007fffaca70000 - 0x00007fffacb3d000 	C:\WINDOWS\System32\OLEAUT32.dll
0x00007fffad500000 - 0x00007fffad968000 	C:\WINDOWS\System32\SETUPAPI.dll
0x00007fffac1e0000 - 0x00007fffac22e000 	C:\WINDOWS\System32\cfgmgr32.dll
0x00007fffac720000 - 0x00007fffac747000 	C:\WINDOWS\System32\bcrypt.dll
0x00007fff8c8a0000 - 0x00007fff8cc61000 	C:\WINDOWS\System32\DriverStore\FileRepository\iigd_dch.inf_amd64_6c531da99dfd5830\igdgmm64.dll
0x00007fff8c620000 - 0x00007fff8c662000 	C:\Users\Владимир\.openjfx\cache\18+12\glass.dll
0x00007fffacfa0000 - 0x00007fffad07a000 	C:\WINDOWS\System32\COMDLG32.dll
0x00007ffface80000 - 0x00007fffacf95000 	C:\WINDOWS\System32\MSCTF.dll
0x00007fffa1520000 - 0x00007fffa1547000 	C:\WINDOWS\System32\DriverStore\FileRepository\iigd_dch.inf_amd64_6c531da99dfd5830\igdinfo64.dll
0x00007fffabad0000 - 0x00007fffabae8000 	C:\WINDOWS\SYSTEM32\CRYPTSP.dll
0x00007fffab190000 - 0x00007fffab1c4000 	C:\WINDOWS\system32\rsaenh.dll
0x00007fffabaf0000 - 0x00007fffabafc000 	C:\WINDOWS\SYSTEM32\CRYPTBASE.dll
0x00007fff88ff0000 - 0x00007fff8c2ad000 	C:\WINDOWS\System32\DriverStore\FileRepository\iigd_dch.inf_amd64_6c531da99dfd5830\igc64.dll
0x00007fff90dc0000 - 0x00007fff90dfb000 	C:\WINDOWS\SYSTEM32\dxcore.dll
0x00007fff8ec40000 - 0x00007fff8ec54000 	C:\Users\Владимир\.openjfx\cache\18+12\javafx_font.dll
0x00007fff7b110000 - 0x00007fff7b38f000 	C:\WINDOWS\SYSTEM32\dwrite.dll
0x00007fffad9f0000 - 0x00007fffada9f000 	C:\WINDOWS\System32\clbcatq.dll
0x00007fffa9820000 - 0x00007fffa99d4000 	C:\WINDOWS\SYSTEM32\WindowsCodecs.dll
0x00007fff8eaa0000 - 0x00007fff8eade000 	C:\WINDOWS\system32\dataexchange.dll
0x00007fffa3980000 - 0x00007fffa3be3000 	C:\WINDOWS\system32\d3d11.dll
0x00007fffa41f0000 - 0x00007fffa43d3000 	C:\WINDOWS\system32\dcomp.dll
0x00007fffaa9e0000 - 0x00007fffaaad3000 	C:\WINDOWS\system32\dxgi.dll
0x00007fffa1600000 - 0x00007fffa1800000 	C:\WINDOWS\system32\twinapi.appcore.dll
0x00007fff8e5a0000 - 0x00007fff8e5d4000 	C:\Program Files\Common Files\Microsoft Shared\Ink\rtscom.dll
0x00007fff9fb50000 - 0x00007fff9fc49000 	C:\WINDOWS\SYSTEM32\textinputframework.dll
0x00007fffa43e0000 - 0x00007fffa473e000 	C:\WINDOWS\System32\CoreUIComponents.dll
0x00007fffa4b70000 - 0x00007fffa4c62000 	C:\WINDOWS\System32\CoreMessaging.dll
0x00007fffa5f20000 - 0x00007fffa6074000 	C:\WINDOWS\SYSTEM32\wintypes.dll
0x00007fffab2b0000 - 0x00007fffab2e3000 	C:\WINDOWS\SYSTEM32\ntmarta.dll

dbghelp: loaded successfully - version: 4.0.5 - missing functions: none
symbol engine: initialized successfully - sym options: 0x614 - pdb path: .;C:\Users\Владимир\.jdks\openjdk-17.0.2\bin;C:\WINDOWS\SYSTEM32;C:\WINDOWS\WinSxS\amd64_microsoft.windows.common-controls_6595b64144ccf1df_6.0.19041.1110_none_60b5254171f9507e;C:\Users\Владимир\.jdks\openjdk-17.0.2\bin\server;C:\Program Files\JetBrains\IntelliJ IDEA Community Edition 2021.3.2\bin;C:\Users\Владимир\.openjfx\cache\18+12;C:\WINDOWS\System32\DriverStore\FileRepository\iigd_dch.inf_amd64_6c531da99dfd5830;C:\Program Files\Common Files\Microsoft Shared\Ink

VM Arguments:
jvm_args: -javaagent:C:\Program Files\JetBrains\IntelliJ IDEA Community Edition 2021.3.2\lib\idea_rt.jar=52637:C:\Program Files\JetBrains\IntelliJ IDEA Community Edition 2021.3.2\bin -Dfile.encoding=UTF-8 --module-path=C:\Users\Владимир\.m2\repository\org\openjfx\javafx-base\18\javafx-base-18-win.jar;C:\Users\Владимир\.m2\repository\org\controlsfx\controlsfx\11.1.0\controlsfx-11.1.0.jar;C:\Users\Владимир\.m2\repository\org\openjfx\javafx-controls\18\javafx-controls-18-win.jar;C:\Users\Владимир\IdeaProjects\SQL\target\classes;C:\Users\Владимир\.m2\repository\org\kordamp\ikonli\ikonli-javafx\12.2.0\ikonli-javafx-12.2.0.jar;C:\Users\Владимир\.m2\repository\org\openjfx\javafx-web\17.0.1\javafx-web-17.0.1-win.jar;C:\Users\Владимир\.m2\repository\com\dlsc\formsfx\formsfx-core\11.3.2\formsfx-core-11.3.2.jar;C:\Users\Владимир\.m2\repository\org\openjfx\javafx-fxml\17.0.1\javafx-fxml-17.0.1-win.jar;C:\Users\Владимир\.m2\repository\org\openjfx\javafx-media\17.0.1\javafx-media-17.0.1-win.jar;C:\Users\Владимир\.m2\repository\org\kordamp\ikonli\ikonli-core\12.2.0\ikonli-core-12.2.0.jar;C:\Users\Владимир\.m2\repository\net\synedra\validatorfx\0.1.13\validatorfx-0.1.13.jar;C:\Users\Владимир\.m2\repository\org\kordamp\bootstrapfx\bootstrapfx-core\0.4.0\bootstrapfx-core-0.4.0.jar;C:\Users\Владимир\.m2\repository\eu\hansolo\tilesfx\11.48\tilesfx-11.48.jar;C:\Users\Владимир\.m2\repository\org\openjfx\javafx-graphics\18\javafx-graphics-18-win.jar -Djdk.module.main=com.example.sql 
java_command: com.example.sql/com.example.sql.HelloApplication
java_class_path (initial): C:\Users\Владимир\Desktop\mysql-connector-java-8.0.29.jar;C:\Users\Владимир\Downloads\postgresql-42.4.0.jar;C:\Users\Владимир\.m2\repository\org\openjfx\javafx-controls\18\javafx-controls-18.jar;C:\Users\Владимир\.m2\repository\org\openjfx\javafx-graphics\18\javafx-graphics-18.jar;C:\Users\Владимир\.m2\repository\org\openjfx\javafx-base\18\javafx-base-18.jar;C:\Users\Владимир\.m2\repository\org\postgresql\postgresql\42.4.0\postgresql-42.4.0.jar;C:\Users\Владимир\.m2\repository\org\checkerframework\checker-qual\3.5.0\checker-qual-3.5.0.jar;C:\Users\Владимир\.m2\repository\org\openjfx\javafx-fxml\17.0.1\javafx-fxml-17.0.1.jar;C:\Users\Владимир\.m2\repository\org\openjfx\javafx-web\17.0.1\javafx-web-17.0.1.jar;C:\Users\Владимир\.m2\repository\org\openjfx\javafx-media\17.0.1\javafx-media-17.0.1.jar
Launcher Type: SUN_STANDARD

[Global flags]
     intx CICompilerCount                          = 4                                         {product} {ergonomic}
     uint ConcGCThreads                            = 2                                         {product} {ergonomic}
     uint G1ConcRefinementThreads                  = 8                                         {product} {ergonomic}
   size_t G1HeapRegionSize                         = 1048576                                   {product} {ergonomic}
    uintx GCDrainStackTargetSize                   = 64                                        {product} {ergonomic}
   size_t InitialHeapSize                          = 132120576                                 {product} {ergonomic}
   size_t MarkStackSize                            = 4194304                                   {product} {ergonomic}
   size_t MaxHeapSize                              = 2099249152                                {product} {ergonomic}
   size_t MaxNewSize                               = 1259339776                                {product} {ergonomic}
   size_t MinHeapDeltaBytes                        = 1048576                                   {product} {ergonomic}
   size_t MinHeapSize                              = 8388608                                   {product} {ergonomic}
    uintx NonNMethodCodeHeapSize                   = 5839372                                {pd product} {ergonomic}
    uintx NonProfiledCodeHeapSize                  = 122909434                              {pd product} {ergonomic}
    uintx ProfiledCodeHeapSize                     = 122909434                              {pd product} {ergonomic}
    uintx ReservedCodeCacheSize                    = 251658240                              {pd product} {ergonomic}
     bool SegmentedCodeCache                       = true                                      {product} {ergonomic}
   size_t SoftMaxHeapSize                          = 2099249152                             {manageable} {ergonomic}
     bool UseCompressedClassPointers               = true                           {product lp64_product} {ergonomic}
     bool UseCompressedOops                        = true                           {product lp64_product} {ergonomic}
     bool UseG1GC                                  = true                                      {product} {ergonomic}
     bool UseLargePagesIndividualAllocation        = false                                  {pd product} {ergonomic}

Logging:
Log output configuration:
 #0: stdout all=off uptime,level,tags
 #1: stderr all=off uptime,level,tags

Environment Variables:
JAVA_HOME=C:\Program Files\Java\jdk-17.0.2
PATH=C:\Program Files\Common Files\Oracle\Java\javapath;C:\Program Files (x86)\Common Files\Oracle\Java\javapath;C:\WINDOWS\system32;C:\WINDOWS;C:\WINDOWS\System32\Wbem;C:\WINDOWS\System32\WindowsPowerShell\v1.0\;C:\WINDOWS\System32\OpenSSH\;C:\Program Files\Java\jdk-17.0.2\bin;C:\Program Files\Git\cmd;D:\Maven2\apache-maven-3.8.6\bin;D:\Maven2\apache-maven-3.8.6\bin;C:\Program Files\dotnet\;c:\Program Files (x86)\Microsoft SQL Server\100\Tools\Binn\;c:\Program Files\Microsoft SQL Server\100\Tools\Binn\;c:\Program Files\Microsoft SQL Server\100\DTS\Binn\;c:\Program Files (x86)\Microsoft SQL Server\100\Tools\Binn\VSShell\Common7\IDE\;c:\Program Files (x86)\Microsoft SQL Server\100\DTS\Binn\;C:\Users\Владимир\AppData\Local\Microsoft\WindowsApps;C:\Program Files\JetBrains\IntelliJ IDEA Community Edition 2021.3.2\bin;;D:\Maven2\apache-maven-3.8.6\bin;
USERNAME=Владимир
OS=Windows_NT
PROCESSOR_IDENTIFIER=Intel64 Family 6 Model 142 Stepping 12, GenuineIntel



---------------  S Y S T E M  ---------------

OS:
 Windows 10 , 64 bit Build 19041 (10.0.19041.2251)
OS uptime: 12 days 14:37 hours

CPU: total 8 (initial active 8) (4 cores per cpu, 2 threads per core) family 6 model 142 stepping 12 microcode 0xb8, cx8, cmov, fxsr, ht, mmx, 3dnowpref, sse, sse2, sse3, ssse3, sse4.1, sse4.2, popcnt, lzcnt, tsc, tscinvbit, avx, avx2, aes, erms, clmul, bmi1, bmi2, adx, fma, vzeroupper, clflush, clflushopt

Memory: 4k page, system-wide physical 8005M (912M free)
TotalPageFile size 13793M (AvailPageFile size 2396M)
current process WorkingSet (physical memory assigned to process): 171M, peak: 202M
current process commit charge ("private bytes"): 285M, peak: 318M

vm_info: OpenJDK 64-Bit Server VM (17.0.2+8-86) for windows-amd64 JRE (17.0.2+8-86), built on Dec  7 2021 21:49:10 by "mach5one" with MS VC++ 16.8 / 16.9 (VS2019)

END.
